/*C8*/SET SCHEMA PUBLIC
DROP TABLE LOGTABLE
CREATE TABLE LOGTABLE (id IDENTITY, time VARCHAR(23), ip VARCHAR(39), text VARCHAR(128), fromLang VARCHAR(3), toLang VARCHAR(3))
DISCONNECT
/*C9*/SET SCHEMA PUBLIC
INSERT INTO LOGTABLE VALUES(0,'2020-07-30 22:12:37.836','0:0:0:0:0:0:0:1','Check','en','ru')
COMMIT
DISCONNECT
/*C10*/SET SCHEMA PUBLIC
INSERT INTO LOGTABLE VALUES(1,'2020-07-30 22:12:40.111','0:0:0:0:0:0:0:1','Check','en','ru')
COMMIT
DISCONNECT
/*C11*/SET SCHEMA PUBLIC
INSERT INTO LOGTABLE VALUES(2,'2020-07-30 22:12:42.316','0:0:0:0:0:0:0:1','Check','en','ru')
COMMIT
DISCONNECT
/*C12*/SET SCHEMA PUBLIC
DISCONNECT
/*C13*/SET SCHEMA PUBLIC
DISCONNECT
